<?xml version="1.0" encoding="UTF-8"?>
<!-- Generated by org.testng.reporters.JUnitReportReporter -->
<testsuite name="com.testng_feature.TestNg" tests="1" time="0.005" ignored="1" failures="0" timestamp="20 Nov 2021 15:19:30 GMT" skipped="0" hostname="DESKTOP-8REMPSK" errors="0">
  <testcase name="Tst" time="0.005" classname="com.testng_feature.TestNg"/>
  <testcase name="tst1" classname="com.testng_feature.TestNg">
    <skipped/>
  </testcase> <!-- tst1 -->
</testsuite> <!-- com.testng_feature.TestNg -->
