<?xml version="1.0" encoding="UTF-8"?>
<!-- Generated by org.testng.reporters.JUnitReportReporter -->
<testsuite skipped="0" hostname="DESKTOP-8REMPSK" name="com.testng_feature.Automation_TestNg" tests="9" failures="0" timestamp="2021-11-30T00:40:13 IST" time="74.709" errors="0">
  <testcase name="url" time="12.202" classname="com.testng_feature.Automation_TestNg"/>
  <system-out/>
  <testcase name="signin" time="8.528" classname="com.testng_feature.Automation_TestNg"/>
  <system-out/>
  <testcase name="women" time="10.811" classname="com.testng_feature.Automation_TestNg"/>
  <system-out/>
  <testcase name="addtocart" time="8.066" classname="com.testng_feature.Automation_TestNg"/>
  <system-out/>
  <testcase name="summary" time="12.654" classname="com.testng_feature.Automation_TestNg"/>
  <system-out/>
  <testcase name="check" time="4.579" classname="com.testng_feature.Automation_TestNg"/>
  <system-out/>
  <testcase name="confirm" time="11.543" classname="com.testng_feature.Automation_TestNg"/>
  <system-out/>
  <testcase name="backorder" time="2.721" classname="com.testng_feature.Automation_TestNg"/>
  <system-out/>
  <testcase name="logout" time="3.605" classname="com.testng_feature.Automation_TestNg"/>
  <system-out/>
</testsuite> <!-- com.testng_feature.Automation_TestNg -->
