<?xml version="1.0" encoding="UTF-8"?>
<!-- Generated by org.testng.reporters.JUnitReportReporter -->
<testsuite skipped="1" hostname="DESKTOP-8REMPSK" name="com.testng_feature.Ignore_Class" tests="2" failures="0" timestamp="2021-11-20T23:14:55 IST" time="0.007" errors="0">
  <testcase name="method4" time="0.007" classname="com.testng_feature.Ignore_Class"/>
  <system-out/>
  <testcase name="method3" classname="com.testng_feature.Ignore_Class">
    <skipped/>
  </testcase> <!-- method3 -->
  <system-out/>
</testsuite> <!-- com.testng_feature.Ignore_Class -->
