<?xml version="1.0" encoding="UTF-8"?>
<!-- Generated by org.testng.reporters.JUnitReportReporter -->
<testsuite skipped="0" hostname="DESKTOP-8REMPSK" name="com.testng_feature.Adactin_TestNg" tests="9" failures="0" timestamp="2021-11-30T00:37:18 IST" time="20.929" errors="0">
  <testcase name="config" time="5.148" classname="com.testng_feature.Adactin_TestNg"/>
  <system-out/>
  <testcase name="login" time="1.828" classname="com.testng_feature.Adactin_TestNg"/>
  <system-out/>
  <testcase name="search" time="0.959" classname="com.testng_feature.Adactin_TestNg"/>
  <system-out/>
  <testcase name="date" time="1.636" classname="com.testng_feature.Adactin_TestNg"/>
  <system-out/>
  <testcase name="contin" time="1.127" classname="com.testng_feature.Adactin_TestNg"/>
  <system-out/>
  <testcase name="booking" time="0.371" classname="com.testng_feature.Adactin_TestNg"/>
  <system-out/>
  <testcase name="card" time="1.026" classname="com.testng_feature.Adactin_TestNg"/>
  <system-out/>
  <testcase name="check" time="6.664" classname="com.testng_feature.Adactin_TestNg"/>
  <system-out/>
  <testcase name="cancel" time="2.170" classname="com.testng_feature.Adactin_TestNg"/>
  <system-out/>
</testsuite> <!-- com.testng_feature.Adactin_TestNg -->
