<?xml version="1.0" encoding="UTF-8"?>
<!-- Generated by org.testng.reporters.JUnitReportReporter -->
<testsuite skipped="0" hostname="DESKTOP-8REMPSK" name="com.testng_feature.Implementation_Adactin" tests="11" failures="0" timestamp="2021-11-29T13:59:57 IST" time="28.831" errors="0">
  <testcase name="config" time="7.845" classname="com.testng_feature.Implementation_Adactin"/>
  <system-out/>
  <testcase name="login" time="1.137" classname="com.testng_feature.Implementation_Adactin"/>
  <system-out/>
  <testcase name="search" time="0.537" classname="com.testng_feature.Implementation_Adactin"/>
  <system-out/>
  <testcase name="date" time="1.020" classname="com.testng_feature.Implementation_Adactin"/>
  <system-out/>
  <testcase name="contin" time="0.746" classname="com.testng_feature.Implementation_Adactin"/>
  <system-out/>
  <testcase name="booking" time="0.273" classname="com.testng_feature.Implementation_Adactin"/>
  <system-out/>
  <testcase name="card" time="0.772" classname="com.testng_feature.Implementation_Adactin"/>
  <system-out/>
  <testcase name="check" time="7.304" classname="com.testng_feature.Implementation_Adactin"/>
  <system-out/>
  <testcase name="checks" time="3.067" classname="com.testng_feature.Implementation_Adactin"/>
  <system-out/>
  <testcase name="checks" time="3.051" classname="com.testng_feature.Implementation_Adactin"/>
  <system-out/>
  <testcase name="checks" time="3.079" classname="com.testng_feature.Implementation_Adactin"/>
  <system-out/>
</testsuite> <!-- com.testng_feature.Implementation_Adactin -->
